<?xml version="1.0" encoding="UTF-8"?>
<robot generator="Robot 6.0.1 (Python 3.10.4 on win32)" generated="20230219 11:04:53.713" rpa="false" schemaversion="3">
<suite id="s1" name="Api Teste" source="C:\Users\ander\OneDrive\Área de Trabalho\Projetos\robotframework\API Testing\api_teste.robot">
<test id="s1-t1" name="Cenário 01 - Cadastrar novo usuario" line="7">
<kw name="Criar um novo usuario" library="api_resource">
<kw name="Generate Random String" library="String">
<var>${palavra_aleatoria}</var>
<arg>length=4</arg>
<arg>chars=[LETTERS]</arg>
<doc>Generates a string with a desired ``length`` from the given ``chars``.</doc>
<msg timestamp="20230219 11:04:53.843" level="INFO">${palavra_aleatoria} = Lihu</msg>
<status status="PASS" starttime="20230219 11:04:53.842" endtime="20230219 11:04:53.843"/>
</kw>
<kw name="Convert To Lower Case" library="String">
<var>${palavra_aleatoria}</var>
<arg>${palavra_aleatoria}</arg>
<doc>Converts string to lower case.</doc>
<msg timestamp="20230219 11:04:53.843" level="INFO">${palavra_aleatoria} = lihu</msg>
<status status="PASS" starttime="20230219 11:04:53.843" endtime="20230219 11:04:53.843"/>
</kw>
<kw name="Set Test Variable" library="BuiltIn">
<arg>${EMAIL_TESTE}</arg>
<arg>${palavra_aleatoria}@emailteste.com</arg>
<doc>Makes a variable available everywhere within the scope of the current test.</doc>
<msg timestamp="20230219 11:04:53.844" level="INFO">${EMAIL_TESTE} = lihu@emailteste.com</msg>
<status status="PASS" starttime="20230219 11:04:53.843" endtime="20230219 11:04:53.844"/>
</kw>
<kw name="Log" library="BuiltIn">
<arg>${EMAIL_TESTE}</arg>
<doc>Logs the given message with the given level.</doc>
<msg timestamp="20230219 11:04:53.844" level="INFO">lihu@emailteste.com</msg>
<status status="PASS" starttime="20230219 11:04:53.844" endtime="20230219 11:04:53.844"/>
</kw>
<status status="PASS" starttime="20230219 11:04:53.842" endtime="20230219 11:04:53.844"/>
</kw>
<kw name="Cadastrar o usuario criado na ServeRest" library="api_resource">
<arg>email=${EMAIL_TESTE}</arg>
<arg>status_code_desejado=201</arg>
<kw name="Create Dictionary" library="BuiltIn">
<var>${body}</var>
<arg>nome=Fulano da Silva</arg>
<arg>email=${email}</arg>
<arg>password=1234</arg>
<arg>administrador=true</arg>
<doc>Creates and returns a dictionary based on the given ``items``.</doc>
<msg timestamp="20230219 11:04:53.846" level="INFO">${body} = {'nome': 'Fulano da Silva', 'email': 'lihu@emailteste.com', 'password': '1234', 'administrador': 'true'}</msg>
<status status="PASS" starttime="20230219 11:04:53.845" endtime="20230219 11:04:53.846"/>
</kw>
<kw name="Log" library="BuiltIn">
<arg>${body}</arg>
<doc>Logs the given message with the given level.</doc>
<msg timestamp="20230219 11:04:53.846" level="INFO">{'nome': 'Fulano da Silva', 'email': 'lihu@emailteste.com', 'password': '1234', 'administrador': 'true'}</msg>
<status status="PASS" starttime="20230219 11:04:53.846" endtime="20230219 11:04:53.846"/>
</kw>
<kw name="Criar Sessão na ServeRest" library="api_resource">
<kw name="Create Dictionary" library="BuiltIn">
<var>${headers}</var>
<arg>accept=application/json</arg>
<arg>Content-Type=application/json</arg>
<doc>Creates and returns a dictionary based on the given ``items``.</doc>
<msg timestamp="20230219 11:04:53.846" level="INFO">${headers} = {'accept': 'application/json', 'Content-Type': 'application/json'}</msg>
<status status="PASS" starttime="20230219 11:04:53.846" endtime="20230219 11:04:53.846"/>
</kw>
<kw name="Create Session" library="RequestsLibrary">
<arg>alias=ServeRest</arg>
<arg>url=https://serverest.dev</arg>
<arg>headers=${headers}</arg>
<doc>Create Session: create a HTTP session to a server</doc>
<msg timestamp="20230219 11:04:53.847" level="INFO">Creating Session using : alias=ServeRest, url=https://serverest.dev, headers={'accept': 'application/json', 'Content-Type': 'application/json'},                     cookies={}, auth=None, timeout=None, proxies=None, verify=False,                     debug=0 </msg>
<status status="PASS" starttime="20230219 11:04:53.846" endtime="20230219 11:04:53.847"/>
</kw>
<status status="PASS" starttime="20230219 11:04:53.846" endtime="20230219 11:04:53.847"/>
</kw>
<kw name="POST On Session" library="RequestsLibrary">
<var>${resposta}</var>
<arg>alias=ServeRest</arg>
<arg>url=/usuarios</arg>
<arg>json=${body}</arg>
<arg>expected_status=${status_code_desejado}</arg>
<doc>Sends a POST request on a previously created HTTP Session.</doc>
<msg timestamp="20230219 11:04:54.368" level="INFO">POST Request : url=https://serverest.dev/usuarios 
 path_url=/usuarios 
 headers={'User-Agent': 'python-requests/2.28.1', 'Accept-Encoding': 'gzip, deflate', 'accept': 'application/json', 'Connection': 'keep-alive', 'Content-Type': 'application/json', 'Content-Length': '104'} 
 body=b'{"nome": "Fulano da Silva", "email": "lihu@emailteste.com", "password": "1234", "administrador": "true"}' 
 </msg>
<msg timestamp="20230219 11:04:54.368" level="INFO">POST Response : url=https://serverest.dev/usuarios 
 status=201, reason=Created 
 headers={'access-control-allow-origin': '*', 'x-dns-prefetch-control': 'off', 'x-frame-options': 'SAMEORIGIN', 'strict-transport-security': 'max-age=15552000; includeSubDomains', 'x-download-options': 'noopen', 'x-content-type-options': 'nosniff', 'x-xss-protection': '1; mode=block', 'x-moesif-transaction-id': 'e2a08ffe-8341-496f-9a89-923c4f49e6c0', 'content-type': 'application/json; charset=utf-8', 'X-Cloud-Trace-Context': '959a4f9e15e7ea1e4787661f4b278046;o=1', 'Date': 'Sun, 19 Feb 2023 14:04:54 GMT', 'Server': 'Google Frontend', 'Content-Length': '82'} 
 body={
    "message": "Cadastro realizado com sucesso",
    "_id": "fqM0okG4ozGC6zZd"
} 
 </msg>
<msg timestamp="20230219 11:04:54.369" level="INFO">C:\Users\ander\AppData\Local\Programs\Python\Python310\lib\site-packages\urllib3\connectionpool.py:1045: InsecureRequestWarning: Unverified HTTPS request is being made to host 'serverest.dev'. Adding certificate verification is strongly advised. See: https://urllib3.readthedocs.io/en/1.26.x/advanced-usage.html#ssl-warnings
  warnings.warn(</msg>
<msg timestamp="20230219 11:04:54.369" level="INFO">${resposta} = &lt;Response [201]&gt;</msg>
<status status="PASS" starttime="20230219 11:04:53.847" endtime="20230219 11:04:54.370"/>
</kw>
<kw name="Log" library="BuiltIn">
<arg>${resposta.json()}</arg>
<doc>Logs the given message with the given level.</doc>
<msg timestamp="20230219 11:04:54.371" level="INFO">{'message': 'Cadastro realizado com sucesso', '_id': 'fqM0okG4ozGC6zZd'}</msg>
<status status="PASS" starttime="20230219 11:04:54.370" endtime="20230219 11:04:54.371"/>
</kw>
<if>
<branch type="IF" condition="${resposta.status_code} == 201">
<kw name="Set Test Variable" library="BuiltIn">
<arg>${ID_USUARIO}</arg>
<arg>${resposta.json()["_id"]}</arg>
<doc>Makes a variable available everywhere within the scope of the current test.</doc>
<msg timestamp="20230219 11:04:54.376" level="INFO">${ID_USUARIO} = fqM0okG4ozGC6zZd</msg>
<status status="PASS" starttime="20230219 11:04:54.373" endtime="20230219 11:04:54.376"/>
</kw>
<status status="PASS" starttime="20230219 11:04:54.373" endtime="20230219 11:04:54.377"/>
</branch>
<status status="PASS" starttime="20230219 11:04:54.371" endtime="20230219 11:04:54.377"/>
</if>
<kw name="Set Test Variable" library="BuiltIn">
<arg>${RESPOSTA}</arg>
<arg>${resposta.json()}</arg>
<doc>Makes a variable available everywhere within the scope of the current test.</doc>
<msg timestamp="20230219 11:04:54.378" level="INFO">${RESPOSTA} = {'message': 'Cadastro realizado com sucesso', '_id': 'fqM0okG4ozGC6zZd'}</msg>
<status status="PASS" starttime="20230219 11:04:54.377" endtime="20230219 11:04:54.378"/>
</kw>
<status status="PASS" starttime="20230219 11:04:53.844" endtime="20230219 11:04:54.378"/>
</kw>
<kw name="Conferir se o usuario foi cadastrado corretamente" library="api_resource">
<kw name="Log" library="BuiltIn">
<arg>${RESPOSTA}</arg>
<doc>Logs the given message with the given level.</doc>
<msg timestamp="20230219 11:04:54.379" level="INFO">{'message': 'Cadastro realizado com sucesso', '_id': 'fqM0okG4ozGC6zZd'}</msg>
<status status="PASS" starttime="20230219 11:04:54.379" endtime="20230219 11:04:54.380"/>
</kw>
<kw name="Dictionary Should Contain Item" library="Collections">
<arg>${RESPOSTA}</arg>
<arg>message</arg>
<arg>Cadastro realizado com sucesso</arg>
<doc>An item of ``key`` / ``value`` must be found in a ``dictionary``.</doc>
<status status="PASS" starttime="20230219 11:04:54.380" endtime="20230219 11:04:54.380"/>
</kw>
<kw name="Dictionary Should Contain Key" library="Collections">
<arg>${RESPOSTA}</arg>
<arg>_id</arg>
<doc>Fails if ``key`` is not found from ``dictionary``.</doc>
<status status="PASS" starttime="20230219 11:04:54.380" endtime="20230219 11:04:54.380"/>
</kw>
<status status="PASS" starttime="20230219 11:04:54.379" endtime="20230219 11:04:54.380"/>
</kw>
<status status="PASS" starttime="20230219 11:04:53.841" endtime="20230219 11:04:54.381"/>
</test>
<status status="PASS" starttime="20230219 11:04:53.715" endtime="20230219 11:04:54.383"/>
</suite>
<statistics>
<total>
<stat pass="1" fail="0" skip="0">All Tests</stat>
</total>
<tag>
</tag>
<suite>
<stat pass="1" fail="0" skip="0" id="s1" name="Api Teste">Api Teste</stat>
</suite>
</statistics>
<errors>
</errors>
</robot>
